INFO 2022/02/08 16:39:20 Open Order: []
INFO 2022/02/08 16:39:30 Open Order: []
INFO 2022/02/08 16:39:40 Open Order: []
INFO 2022/02/08 16:39:56 Open Order: []
INFO 2022/02/08 16:45:30 Open Order: []
INFO 2022/02/08 16:45:30 Order Created: map[currency:USDT dailyIntRate:0.00011 size:500 term:7]
INFO 2022/02/08 16:45:30 Order Created: map[currency:USDT dailyIntRate:0.00011 size:500 term:7]
INFO 2022/02/08 16:45:30 Order Created: map[currency:USDT dailyIntRate:0.00011 size:552 term:7]
INFO 2022/02/08 16:45:40 Open Order: []
INFO 2022/02/08 16:45:50 Open Order: []
INFO 2022/02/08 16:46:00 Open Order: []
INFO 2022/02/08 16:46:10 Open Order: []
INFO 2022/02/08 16:46:20 Open Order: []
INFO 2022/02/08 16:46:30 Open Order: []
INFO 2022/02/08 16:46:40 Open Order: []
INFO 2022/02/08 16:46:50 Open Order: []
INFO 2022/02/18 14:04:24 KU Setting { 1d4aa52f-fba7-46f2-89c4-d2e22eb69aa1 20211121123456 500 USDT}
INFO 2022/02/18 14:05:04 KU Setting { 1d4aa52f-fba7-46f2-89c4-d2e22eb69aa1 20211121123456 500 USDT}
INFO 2022/02/18 14:06:03 KU Setting { 1d4aa52f-fba7-46f2-89c4-d2e22eb69aa1 20211121123456 500 USDT}
INFO 2022/02/18 14:07:10 KU Setting { 1d4aa52f-fba7-46f2-89c4-d2e22eb69aa1 20211121123456 500 USDT}
INFO 2022/02/18 14:07:42 KU Setting { 1d4aa52f-fba7-46f2-89c4-d2e22eb69aa1 20211121123456 500 USDT}
INFO 2022/02/18 14:07:55 KU Setting { 1d4aa52f-fba7-46f2-89c4-d2e22eb69aa1 20211121123456 500 USDT}
INFO 2022/02/18 14:08:07 KU Setting { 1d4aa52f-fba7-46f2-89c4-d2e22eb69aa1 20211121123456 500 USDT}
INFO 2022/02/18 14:08:18 KU Setting { 1d4aa52f-fba7-46f2-89c4-d2e22eb69aa1 20211121123456 500 USDT}
INFO 2022/02/18 14:08:44 KU Setting { 1d4aa52f-fba7-46f2-89c4-d2e22eb69aa1 20211121123456 500 USDT}
INFO 2022/02/18 14:09:16 KU Setting { 1d4aa52f-fba7-46f2-89c4-d2e22eb69aa1 20211121123456 500 USDT}
INFO 2022/02/18 14:09:46 KU Setting { 1d4aa52f-fba7-46f2-89c4-d2e22eb69aa1 20211121123456 500 USDT}
INFO 2022/02/18 14:10:00 Open Order: []
INFO 2022/02/18 14:10:02 KU Setting { 1d4aa52f-fba7-46f2-89c4-d2e22eb69aa1 20211121123456 500 USDT}
INFO 2022/02/18 14:10:17 KU Setting { 1d4aa52f-fba7-46f2-89c4-d2e22eb69aa1 20211121123456 500 USDT}
INFO 2022/02/18 14:20:00 Open Order: []
INFO 2022/02/18 14:30:00 Open Order: []
INFO 2022/02/18 14:40:01 Open Order: []
INFO 2022/02/18 14:50:00 Open Order: []
INFO 2022/02/18 15:00:00 Open Order: []
INFO 2022/02/18 15:01:45 KU Setting { 1d4aa52f-fba7-46f2-89c4-d2e22eb69aa1 20211121123456 500 USDT}
INFO 2022/02/18 15:01:50 Open Order: []
INFO 2022/02/18 15:02:00 Open Order: []
INFO 2022/02/18 15:02:10 Open Order: []
INFO 2022/02/18 15:02:28 KU Setting { 1d4aa52f-fba7-46f2-89c4-d2e22eb69aa1 20211121123456 500 USDT}
INFO 2022/02/18 15:02:30 Open Order: []
INFO 2022/02/18 15:03:03 KU Setting { 1d4aa52f-fba7-46f2-89c4-d2e22eb69aa1 20211121123456 500 USDT}
INFO 2022/02/18 15:03:11 Open Order: []
INFO 2022/02/18 15:04:19 KU Setting { 1d4aa52f-fba7-46f2-89c4-d2e22eb69aa1 20211121123456 500 USDT}
INFO 2022/02/18 15:04:20 Open Order: []
INFO 2022/02/18 15:04:59 KU Setting { 1d4aa52f-fba7-46f2-89c4-d2e22eb69aa1 20211121123456 500 USDT}
INFO 2022/02/18 15:05:00 Open Order: []
INFO 2022/02/18 15:05:49 KU Setting { 1d4aa52f-fba7-46f2-89c4-d2e22eb69aa1 20211121123456 500 USDT}
INFO 2022/02/18 15:05:50 Open Order: []
INFO 2022/02/18 15:06:34 KU Setting {6199bd6bd4ff9e00018f31a6 1d4aa52f-fba7-46f2-89c4-d2e22eb69aa1 20211121123456 500 USDT}
INFO 2022/02/18 15:06:40 Open Order: []
INFO 2022/02/18 15:06:40 Order Created: map[currency:USDT dailyIntRate:0.00013 size:83 term:28]
INFO 2022/02/18 15:06:50 Open Order: []
INFO 2022/02/18 15:07:00 Open Order: []
INFO 2022/02/18 15:07:10 Open Order: []
INFO 2022/02/18 22:59:26 KU Setting {6199bd6bd4ff9e00018f31a6 1d4aa52f-fba7-46f2-89c4-d2e22eb69aa1 20211121123456 500 USDT}
INFO 2022/02/18 22:59:30 Open Order: []
INFO 2022/02/18 22:59:31 Order Created: map[currency:USDT dailyIntRate:0.0001 size:83 term:28]
INFO 2022/02/18 22:59:40 Open Order: []
INFO 2022/02/18 23:00:19 KU Setting {6199bd6bd4ff9e00018f31a6 1d4aa52f-fba7-46f2-89c4-d2e22eb69aa1 20211121123456 500 USDT}
INFO 2022/02/18 23:00:20 Open Order: []
INFO 2022/02/19 10:50:41 KU Setting {{6199bd6bd4ff9e00018f31a6 1d4aa52f-fba7-46f2-89c4-d2e22eb69aa1 20211121123456 500 USDT} {DXDEW2DQ-8TWHDOUW-AN3DP6D5-NAJVAHIM 320cbd5909525e437e57197ff2a643e938902b611e4b04bce151fcac4351fb19d7a42f6cc3061472124156d356856abe6bf4e01af130be078aac75baa8e04340}}
INFO 2022/02/19 13:09:11 KU Setting {{6199bd6bd4ff9e00018f31a6 1d4aa52f-fba7-46f2-89c4-d2e22eb69aa1 20211121123456 500 USDT} {DXDEW2DQ-8TWHDOUW-AN3DP6D5-NAJVAHIM 320cbd5909525e437e57197ff2a643e938902b611e4b04bce151fcac4351fb19d7a42f6cc3061472124156d356856abe6bf4e01af130be078aac75baa8e04340}}
INFO 2022/02/19 13:24:18 KU Setting {{6199bd6bd4ff9e00018f31a6 1d4aa52f-fba7-46f2-89c4-d2e22eb69aa1 20211121123456 500 USDT} {DXDEW2DQ-8TWHDOUW-AN3DP6D5-NAJVAHIM 320cbd5909525e437e57197ff2a643e938902b611e4b04bce151fcac4351fb19d7a42f6cc3061472124156d356856abe6bf4e01af130be078aac75baa8e04340}}
INFO 2022/02/19 16:15:02 KU Setting {{6199bd6bd4ff9e00018f31a6 1d4aa52f-fba7-46f2-89c4-d2e22eb69aa1 20211121123456 500 USDT} {DXDEW2DQ-8TWHDOUW-AN3DP6D5-NAJVAHIM 320cbd5909525e437e57197ff2a643e938902b611e4b04bce151fcac4351fb19d7a42f6cc3061472124156d356856abe6bf4e01af130be078aac75baa8e04340 500 USDT}}
INFO 2022/02/19 16:15:11 Order Created: map[currency:USDT dailyIntRate:0.0001 size:500 term:28]
INFO 2022/02/19 16:15:11 Order Created: map[currency:USDT dailyIntRate:0.0001 size:725 term:28]
INFO 2022/02/19 23:14:22 read tcp 192.168.0.189:3236->104.16.116.135:443: wsarecv: An existing connection was forcibly closed by the remote host.
INFO 2022/02/20 10:23:01 Order Canceled: 62111b09fbe2810001d910c2
INFO 2022/02/20 10:23:01 Order Canceled: 62111b09f946ba00014be136
INFO 2022/02/20 10:23:01 Order Canceled: 62111b09f946ba00014be0c7
INFO 2022/02/20 10:24:30 Order Created: map[currency:USDT dailyIntRate:0.0001 size:500 term:28]
INFO 2022/02/20 10:24:30 Order Created: map[currency:USDT dailyIntRate:0.0001 size:500 term:28]
INFO 2022/02/20 10:24:30 Order Created: map[currency:USDT dailyIntRate:0.0001 size:748 term:28]
INFO 2022/02/20 10:24:40 Order Canceled: 6211a65ef946ba00015d9091
INFO 2022/02/20 10:24:40 Order Canceled: 6211a65eb455ae00016ad816
INFO 2022/02/20 10:24:40 Order Canceled: 6211a65e4adf1c0001afb22f
INFO 2022/02/20 10:24:50 Order Created: map[currency:USDT dailyIntRate:0.0001 size:500 term:28]
INFO 2022/02/20 10:24:50 Order Created: map[currency:USDT dailyIntRate:0.0001 size:500 term:28]
INFO 2022/02/20 10:24:50 Order Created: map[currency:USDT dailyIntRate:0.0001 size:748 term:28]
INFO 2022/02/20 10:25:00 Order Canceled: 6211a672fbe2810001f6ba36
INFO 2022/02/20 10:25:00 Order Canceled: 6211a672fbe2810001f6ba31
INFO 2022/02/20 10:25:00 Order Canceled: 6211a672f1024c00018e2888
INFO 2022/02/20 10:25:10 Order Created: map[currency:USDT dailyIntRate:0.0001 size:500 term:28]
INFO 2022/02/20 10:25:10 Order Created: map[currency:USDT dailyIntRate:0.0001 size:500 term:28]
INFO 2022/02/20 10:25:10 Order Created: map[currency:USDT dailyIntRate:0.0001 size:748 term:28]
INFO 2022/02/20 10:25:20 Order Canceled: 6211a686f1024c00018e29f7
INFO 2022/02/20 10:25:20 Order Canceled: 6211a6867d98140001f24275
INFO 2022/02/20 10:25:21 Order Canceled: 6211a68615d1e7000138f2b7
INFO 2022/02/20 10:25:30 Order Created: map[currency:USDT dailyIntRate:0.0001 size:500 term:28]
INFO 2022/02/20 10:25:30 Order Created: map[currency:USDT dailyIntRate:0.0001 size:500 term:28]
INFO 2022/02/20 10:25:30 Order Created: map[currency:USDT dailyIntRate:0.0001 size:748 term:28]
INFO 2022/02/20 10:25:40 Order Canceled: 6211a69af946ba00015d924a
INFO 2022/02/20 10:25:40 Order Canceled: 6211a69af1024c00018e2c10
INFO 2022/02/20 10:25:40 Order Canceled: 6211a69a7d98140001f24325
INFO 2022/02/20 10:26:50 Order Created: map[currency:USDT dailyIntRate:0.0001 size:500 term:28]
INFO 2022/02/20 10:26:50 Order Created: map[currency:USDT dailyIntRate:0.0001 size:500 term:28]
INFO 2022/02/20 10:26:50 Order Created: map[currency:USDT dailyIntRate:0.0001 size:748 term:28]
INFO 2022/02/20 10:27:00 Order Canceled: 6211a6eafbe2810001f6d0f0
INFO 2022/02/20 10:27:00 Order Canceled: 6211a6ea7d98140001f26ce8
INFO 2022/02/20 10:27:00 Order Canceled: 6211a6ea426be3000145b2db
INFO 2022/02/20 10:29:20 Order Created: map[currency:USDT dailyIntRate:0.0001 size:500 term:28]
INFO 2022/02/20 10:29:20 Order Created: map[currency:USDT dailyIntRate:0.0001 size:500 term:28]
INFO 2022/02/20 10:29:20 Order Created: map[currency:USDT dailyIntRate:0.0001 size:748 term:28]
INFO 2022/02/20 10:29:30 Order Canceled: 6211a780f1024c00018e5e18
INFO 2022/02/20 10:29:30 Order Canceled: 6211a780f1024c00018e5e08
INFO 2022/02/20 10:29:30 Order Canceled: 6211a7807d98140001f29bcd
INFO 2022/02/20 10:29:40 Order Created: map[currency:USDT dailyIntRate:0.0001 size:500 term:28]
INFO 2022/02/20 10:29:40 Order Created: map[currency:USDT dailyIntRate:0.0001 size:500 term:28]
INFO 2022/02/20 10:29:40 Order Created: map[currency:USDT dailyIntRate:0.0001 size:748 term:28]
INFO 2022/02/20 10:29:50 Order Canceled: 6211a794fbe2810001f6e906
INFO 2022/02/20 10:29:50 Order Canceled: 6211a794f946ba00015dac53
INFO 2022/02/20 10:29:50 Order Canceled: 6211a7944adf1c0001afe7d9
INFO 2022/02/20 10:30:00 Order Created: map[currency:USDT dailyIntRate:0.0001 size:500 term:28]
INFO 2022/02/20 10:30:00 Order Created: map[currency:USDT dailyIntRate:0.0001 size:500 term:28]
INFO 2022/02/20 10:30:00 Order Created: map[currency:USDT dailyIntRate:0.0001 size:748 term:28]
INFO 2022/02/20 10:30:10 Order Canceled: 6211a7a8fbe2810001f6e965
INFO 2022/02/20 10:30:10 Order Canceled: 6211a7a815d1e70001390d0f
INFO 2022/02/20 10:30:10 Order Canceled: 6211a7a815d1e70001390cf5
INFO 2022/02/20 10:30:20 Order Created: map[currency:USDT dailyIntRate:0.0001 size:500 term:28]
INFO 2022/02/20 10:30:20 Order Created: map[currency:USDT dailyIntRate:0.0001 size:500 term:28]
INFO 2022/02/20 10:30:20 Order Created: map[currency:USDT dailyIntRate:0.0001 size:748 term:28]
INFO 2022/02/20 10:30:30 Order Canceled: 6211a7bcfbe2810001f70628
INFO 2022/02/20 10:30:30 Order Canceled: 6211a7bcfbe2810001f7060d
INFO 2022/02/20 10:30:30 Order Canceled: 6211a7bcf1024c00018e7ace
INFO 2022/02/20 10:31:30 Order Created: map[currency:USDT dailyIntRate:0.0001 size:500 term:28]
INFO 2022/02/20 10:31:31 Order Created: map[currency:USDT dailyIntRate:0.0001 size:500 term:28]
INFO 2022/02/20 10:31:31 Order Created: map[currency:USDT dailyIntRate:0.0001 size:748 term:28]
INFO 2022/02/20 10:31:40 Order Canceled: 6211a8034adf1c0001b00928
INFO 2022/02/20 10:31:40 Order Canceled: 6211a802f1024c00018e83a5
INFO 2022/02/20 10:31:40 Order Canceled: 6211a80215d1e700013923f1
INFO 2022/02/20 10:31:50 Order Created: map[currency:USDT dailyIntRate:0.0001 size:500 term:28]
INFO 2022/02/20 10:31:50 Order Created: map[currency:USDT dailyIntRate:0.0001 size:500 term:28]
INFO 2022/02/20 10:31:51 Order Created: map[currency:USDT dailyIntRate:0.0001 size:748 term:28]
INFO 2022/02/20 10:33:01 Order Canceled: 6211a817b455ae00016b2515
INFO 2022/02/20 10:33:01 Order Canceled: 6211a8164adf1c0001b00a50
INFO 2022/02/20 10:33:01 Order Canceled: 6211a81615d1e70001392495
INFO 2022/02/20 10:33:11 Order Created: map[currency:USDT dailyIntRate:0.0001 size:500 term:28]
INFO 2022/02/20 10:33:11 Order Created: map[currency:USDT dailyIntRate:0.0001 size:500 term:28]
INFO 2022/02/20 10:33:11 Order Created: map[currency:USDT dailyIntRate:0.0001 size:748 term:28]
INFO 2022/02/20 10:33:20 Order Canceled: 6211a867f946ba00015dd2e2
INFO 2022/02/20 10:33:20 Order Canceled: 6211a8674adf1c0001b02544
INFO 2022/02/20 10:33:20 Order Canceled: 6211a866b455ae00016b3e66
INFO 2022/02/20 10:33:30 Order Created: map[currency:USDT dailyIntRate:0.0001 size:500 term:28]
INFO 2022/02/20 10:33:30 Order Created: map[currency:USDT dailyIntRate:0.0001 size:500 term:28]
INFO 2022/02/20 10:33:30 Order Created: map[currency:USDT dailyIntRate:0.0001 size:748 term:28]
INFO 2022/02/20 10:33:40 Order Canceled: 6211a87a426be30001490b3d
INFO 2022/02/20 10:33:40 Order Canceled: 6211a87a15d1e700013933b6
INFO 2022/02/20 10:33:40 Order Canceled: 6211a87a15d1e700013933a5
INFO 2022/02/20 10:34:20 Order Created: map[currency:USDT dailyIntRate:0.0001 size:500 term:28]
INFO 2022/02/20 10:34:20 Order Created: map[currency:USDT dailyIntRate:0.0001 size:500 term:28]
INFO 2022/02/20 10:34:20 Order Created: map[currency:USDT dailyIntRate:0.0001 size:748 term:28]
INFO 2022/02/20 10:34:40 Order Canceled: 6211a8acfbe2810001f73b28
INFO 2022/02/20 10:34:40 Order Canceled: 6211a8acfbe2810001f73b23
INFO 2022/02/20 10:34:40 Order Canceled: 6211a8ac7d98140001f330c4
INFO 2022/02/20 10:35:00 Order Created: map[currency:USDT dailyIntRate:0.0001 size:500 term:28]
INFO 2022/02/20 10:35:00 Order Created: map[currency:USDT dailyIntRate:0.0001 size:500 term:28]
INFO 2022/02/20 10:35:01 Order Created: map[currency:USDT dailyIntRate:0.0001 size:748 term:28]
INFO 2022/02/20 10:35:20 Order Canceled: 6211a8d5426be300014966ee
INFO 2022/02/20 10:35:20 Order Canceled: 6211a8d4f946ba00015ddf45
INFO 2022/02/20 10:35:20 Order Canceled: 6211a8d415d1e70001393fc3
INFO 2022/02/20 10:36:20 Order Created: map[currency:USDT dailyIntRate:9e-05 size:500 term:28]
INFO 2022/02/20 10:36:20 Order Created: map[currency:USDT dailyIntRate:9e-05 size:500 term:28]
INFO 2022/02/20 10:36:20 Order Created: map[currency:USDT dailyIntRate:9e-05 size:748 term:28]
INFO 2022/02/20 10:36:30 Order Canceled: 6211a924f946ba00015deccb
INFO 2022/02/20 10:36:30 Order Canceled: 6211a9247d98140001f35d70
INFO 2022/02/20 10:36:30 Order Canceled: 6211a924426be300014c134c
INFO 2022/02/20 10:36:40 Order Created: map[currency:USDT dailyIntRate:9e-05 size:500 term:28]
INFO 2022/02/20 10:36:40 Order Created: map[currency:USDT dailyIntRate:9e-05 size:500 term:28]
INFO 2022/02/20 10:36:40 Order Created: map[currency:USDT dailyIntRate:9e-05 size:748 term:28]
INFO 2022/02/20 10:36:50 Order Canceled: 6211a938f946ba00015ded35
INFO 2022/02/20 10:36:50 Order Canceled: 6211a938f1024c00018ed392
INFO 2022/02/20 10:36:50 Order Canceled: 6211a9387d98140001f35de1
INFO 2022/02/20 10:37:00 Order Created: map[currency:USDT dailyIntRate:9e-05 size:500 term:28]
INFO 2022/02/20 10:37:00 Order Created: map[currency:USDT dailyIntRate:9e-05 size:500 term:28]
INFO 2022/02/20 10:37:00 Order Created: map[currency:USDT dailyIntRate:9e-05 size:748 term:28]
INFO 2022/02/20 10:38:00 Order Canceled: 6211a94cfbe2810001f75525
INFO 2022/02/20 10:38:00 Order Canceled: 6211a94cf946ba00015dee00
INFO 2022/02/20 10:38:00 Order Canceled: 6211a94c4adf1c0001b059e0
INFO 2022/02/20 10:38:01 Order Created: map[currency:USDT dailyIntRate:9e-05 size:500 term:28]
INFO 2022/02/20 10:38:01 Order Created: map[currency:USDT dailyIntRate:9e-05 size:748 term:28]
INFO 2022/02/20 10:38:10 Order Canceled: 6211a989fbe2810001f7584d
INFO 2022/02/20 10:38:10 Order Canceled: 6211a9897d98140001f363e4
INFO 2022/02/20 10:38:10 Order Created: map[currency:USDT dailyIntRate:9e-05 size:500 term:28]
INFO 2022/02/20 10:38:11 Order Created: map[currency:USDT dailyIntRate:9e-05 size:500 term:28]
INFO 2022/02/20 10:38:11 Order Created: map[currency:USDT dailyIntRate:9e-05 size:748 term:28]
INFO 2022/02/20 10:38:20 Order Canceled: 6211a993f1024c00018ee43a
INFO 2022/02/20 10:38:20 Order Canceled: 6211a992fbe2810001f763bd
INFO 2022/02/20 10:38:20 Order Canceled: 6211a9927d98140001f378ef
INFO 2022/02/20 10:38:20 Order Created: map[currency:USDT dailyIntRate:9e-05 size:748 term:28]
INFO 2022/02/20 10:38:30 Order Canceled: 6211a99c15d1e70001395b56
INFO 2022/02/20 10:38:30 Order Created: map[currency:USDT dailyIntRate:9e-05 size:500 term:28]
INFO 2022/02/20 10:38:30 Order Created: map[currency:USDT dailyIntRate:9e-05 size:500 term:28]
INFO 2022/02/20 10:38:30 Order Created: map[currency:USDT dailyIntRate:9e-05 size:748 term:28]
INFO 2022/02/20 10:38:40 Order Canceled: 6211a9a67d98140001f3927c
INFO 2022/02/20 10:38:40 Order Canceled: 6211a9a67d98140001f39277
INFO 2022/02/20 10:38:40 Order Canceled: 6211a9a6426be300014c6cb7
INFO 2022/02/20 10:38:50 Order Created: map[currency:USDT dailyIntRate:9e-05 size:500 term:28]
INFO 2022/02/20 10:38:50 Order Created: map[currency:USDT dailyIntRate:9e-05 size:500 term:28]
INFO 2022/02/20 10:38:50 Order Created: map[currency:USDT dailyIntRate:9e-05 size:748 term:28]
INFO 2022/02/20 10:39:00 Order Canceled: 6211a9bafbe2810001f770d1
INFO 2022/02/20 10:39:00 Order Canceled: 6211a9baf946ba00015dfd9b
INFO 2022/02/20 10:39:00 Order Canceled: 6211a9ba426be300014c6da2
INFO 2022/02/20 10:39:10 Order Created: map[currency:USDT dailyIntRate:9e-05 size:500 term:28]
INFO 2022/02/20 10:39:10 Order Created: map[currency:USDT dailyIntRate:9e-05 size:500 term:28]
INFO 2022/02/20 10:39:11 Order Created: map[currency:USDT dailyIntRate:9e-05 size:748 term:28]
